<?xml version="1.0" encoding="utf-8"?><testsuites name="pytest tests"><testsuite name="pytest" errors="0" failures="0" skipped="0" tests="37" time="1.970" timestamp="2026-02-07T21:19:58.412936+00:00" hostname="agent-env-05bd51fe-0366-4e50-ac82-2235335b58f3"><testcase classname="backend.tests.test_admin_api.TestAdminAuth" name="test_admin_auth_success" time="0.054" /><testcase classname="backend.tests.test_admin_api.TestAdminAuth" name="test_admin_auth_invalid_password" time="0.035" /><testcase classname="backend.tests.test_admin_api.TestAdminDashboard" name="test_get_dashboard_data_success" time="0.044" /><testcase classname="backend.tests.test_admin_api.TestAdminDashboard" name="test_get_dashboard_data_invalid_password" time="0.039" /><testcase classname="backend.tests.test_admin_api.TestCSVExport" name="test_export_csv" time="0.041" /><testcase classname="backend.tests.test_admin_api.TestAnalyticsAPI" name="test_track_event" time="0.036" /><testcase classname="backend.tests.test_admin_api.TestAnalyticsAPI" name="test_get_analytics_stats" time="0.043" /><testcase classname="backend.tests.test_admin_crud.TestAdminAuth" name="test_admin_auth_success" time="0.039" /><testcase classname="backend.tests.test_admin_crud.TestAdminAuth" name="test_admin_auth_invalid_password" time="0.034" /><testcase classname="backend.tests.test_admin_crud.TestEditLeads" name="test_edit_audit_lead" time="0.166" /><testcase classname="backend.tests.test_admin_crud.TestEditLeads" name="test_edit_guide_lead" time="0.161" /><testcase classname="backend.tests.test_admin_crud.TestEditLeads" name="test_edit_lead_invalid_password" time="0.038" /><testcase classname="backend.tests.test_admin_crud.TestDeleteLeads" name="test_delete_single_audit_lead" time="0.120" /><testcase classname="backend.tests.test_admin_crud.TestDeleteLeads" name="test_delete_single_guide_lead" time="0.072" /><testcase classname="backend.tests.test_admin_crud.TestDeleteLeads" name="test_delete_lead_invalid_password" time="0.042" /><testcase classname="backend.tests.test_admin_crud.TestDeleteLeads" name="test_delete_nonexistent_lead" time="0.041" /><testcase classname="backend.tests.test_admin_crud.TestClearAllLeads" name="test_clear_all_endpoint_exists" time="0.081" /><testcase classname="backend.tests.test_admin_crud.TestClearAllLeads" name="test_clear_all_invalid_type" time="0.035" /><testcase classname="backend.tests.test_admin_crud.TestAnalyticsTracking" name="test_track_page_view" time="0.039" /><testcase classname="backend.tests.test_admin_crud.TestAnalyticsTracking" name="test_track_audit_form_start" time="0.039" /><testcase classname="backend.tests.test_admin_crud.TestAnalyticsTracking" name="test_track_popup_shown" time="0.034" /><testcase classname="backend.tests.test_admin_crud.TestAnalyticsTracking" name="test_get_analytics_stats" time="0.041" /><testcase classname="backend.tests.test_admin_crud.TestDashboardData" name="test_get_dashboard_data_success" time="0.043" /><testcase classname="backend.tests.test_admin_crud.TestDashboardData" name="test_get_dashboard_data_invalid_password" time="0.036" /><testcase classname="backend.tests.test_leads_api.TestAPIHealth" name="test_api_root" time="0.079" /><testcase classname="backend.tests.test_leads_api.TestAuditLeadAPI" name="test_create_audit_lead_success" time="0.039" /><testcase classname="backend.tests.test_leads_api.TestAuditLeadAPI" name="test_create_audit_lead_invalid_email" time="0.034" /><testcase classname="backend.tests.test_leads_api.TestAuditLeadAPI" name="test_create_audit_lead_missing_fields" time="0.034" /><testcase classname="backend.tests.test_leads_api.TestAuditLeadAPI" name="test_get_audit_leads" time="0.036" /><testcase classname="backend.tests.test_leads_api.TestGuideLeadAPI" name="test_create_guide_lead_success" time="0.049" /><testcase classname="backend.tests.test_leads_api.TestGuideLeadAPI" name="test_create_guide_lead_invalid_email" time="0.034" /><testcase classname="backend.tests.test_leads_api.TestGuideLeadAPI" name="test_create_guide_lead_missing_email" time="0.037" /><testcase classname="backend.tests.test_leads_api.TestGuideLeadAPI" name="test_get_guide_leads" time="0.037" /><testcase classname="backend.tests.test_leads_api.TestLeadStatsAPI" name="test_get_lead_stats" time="0.037" /><testcase classname="backend.tests.test_leads_api.TestEmailProcessingAPI" name="test_process_scheduled_emails" time="0.039" /><testcase classname="backend.tests.test_leads_api.TestStatusAPI" name="test_create_status_check" time="0.050" /><testcase classname="backend.tests.test_leads_api.TestStatusAPI" name="test_get_status_checks" time="0.038" /></testsuite></testsuites>